  源.cpp
d:\yaogit666\有效的括号\有效的括号\源.cpp(3): error C2061: 语法错误: 标识符“string”
d:\yaogit666\有效的括号\有效的括号\源.cpp(5): error C2065: “unordered_map”: 未声明的标识符
d:\yaogit666\有效的括号\有效的括号\源.cpp(5): error C2062: 意外的类型“char”
d:\yaogit666\有效的括号\有效的括号\源.cpp(5): error C2143: 语法错误: 缺少“;”(在“{”的前面)
d:\yaogit666\有效的括号\有效的括号\源.cpp(5): error C2143: 语法错误: 缺少“;”(在“}”的前面)
d:\yaogit666\有效的括号\有效的括号\源.cpp(5): error C2059: 语法错误:“,”
d:\yaogit666\有效的括号\有效的括号\源.cpp(6): error C2143: 语法错误: 缺少“;”(在“<”的前面)
d:\yaogit666\有效的括号\有效的括号\源.cpp(6): error C4430: 缺少类型说明符 - 假定为 int。注意: C++ 不支持默认 int
d:\yaogit666\有效的括号\有效的括号\源.cpp(7): error C2059: 语法错误:“for”
d:\yaogit666\有效的括号\有效的括号\源.cpp(7): error C2059: 语法错误:“)”
d:\yaogit666\有效的括号\有效的括号\源.cpp(8): error C4430: 缺少类型说明符 - 假定为 int。注意: C++ 不支持默认 int
d:\yaogit666\有效的括号\有效的括号\源.cpp(9): error C2062: 意外的类型“int”
d:\yaogit666\有效的括号\有效的括号\源.cpp(10): error C2059: 语法错误:“if”
d:\yaogit666\有效的括号\有效的括号\源.cpp(12): error C2059: 语法错误:“else”
d:\yaogit666\有效的括号\有效的括号\源.cpp(13): error C2143: 语法错误: 缺少“;”(在“{”的前面)
d:\yaogit666\有效的括号\有效的括号\源.cpp(13): error C2447: “{”: 缺少函数标题(是否是老式的形式表?)
d:\yaogit666\有效的括号\有效的括号\源.cpp(19): error C2059: 语法错误:“else”
d:\yaogit666\有效的括号\有效的括号\源.cpp(21): error C2059: 语法错误:“}”
d:\yaogit666\有效的括号\有效的括号\源.cpp(21): error C2143: 语法错误: 缺少“;”(在“}”的前面)
d:\yaogit666\有效的括号\有效的括号\源.cpp(24): error C2059: 语法错误:“else”
d:\yaogit666\有效的括号\有效的括号\源.cpp(26): error C2059: 语法错误:“}”
d:\yaogit666\有效的括号\有效的括号\源.cpp(26): error C2143: 语法错误: 缺少“;”(在“}”的前面)
